<?xml version="1.0" encoding="UTF-8"?>
<!-- Generated by org.testng.reporters.JUnitXMLReporter -->
<testsuite hostname="DESKTOP-VNPRI8J" ignored="0" name="Free CRM App Test Cases" tests="12" failures="1" timestamp="03 Feb 2019 04:40:51 GMT" time="314.468" errors="0">
  <testcase name="loginpageTitleTest" time="0.151" classname="com.crm.qa.testcases.LoginPageTest"/>
  <testcase name="verifyhomepagetitletest" time="0.016" classname="com.crm.qa.testcases.HomePageTest"/>
  <testcase name="verifycontactslabeltest" time="0.057" classname="com.crm.qa.testcases.ContactsPageTest"/>
  <testcase name="loginpageCrmlogotest" time="0.082" classname="com.crm.qa.testcases.LoginPageTest"/>
  <testcase name="verifyusernametest" time="0.137" classname="com.crm.qa.testcases.HomePageTest"/>
  <testcase name="selectsinglecontactstest" time="0.168" classname="com.crm.qa.testcases.ContactsPageTest"/>
  <testcase name="logintest" time="6.496" classname="com.crm.qa.testcases.LoginPageTest"/>
  <testcase name="verifycontactslinktest1" time="8.075" classname="com.crm.qa.testcases.HomePageTest"/>
  <testcase name="selectmultiplecontactstest" time="0.299" classname="com.crm.qa.testcases.ContactsPageTest"/>
  <testcase name="validatecreatnewcontact" time="7.007" classname="com.crm.qa.testcases.ContactsPageTest"/>
  <testcase name="validatecreatnewcontact" time="22.949" classname="com.crm.qa.testcases.ContactsPageTest">
    <failure type="org.openqa.selenium.NoSuchElementException" message="Cannot locate element with text: mrs.
For documentation on this error, please visit: https://www.seleniumhq.org/exceptions/no_such_element.html
Build info: version: &amp;apos;3.141.59&amp;apos;, revision: &amp;apos;e82be7d358&amp;apos;, time: &amp;apos;2018-11-14T08:17:03&amp;apos;
System info: host: &amp;apos;DESKTOP-VNPRI8J&amp;apos;, ip: &amp;apos;192.168.0.5&amp;apos;, os.name: &amp;apos;Windows 10&amp;apos;, os.arch: &amp;apos;amd64&amp;apos;, os.version: &amp;apos;10.0&amp;apos;, java.version: &amp;apos;1.8.0_191&amp;apos;
Driver info: driver.version: unknown">
      <![CDATA[org.openqa.selenium.NoSuchElementException: Cannot locate element with text: mrs.
For documentation on this error, please visit: https://www.seleniumhq.org/exceptions/no_such_element.html
Build info: version: '3.141.59', revision: 'e82be7d358', time: '2018-11-14T08:17:03'
System info: host: 'DESKTOP-VNPRI8J', ip: '192.168.0.5', os.name: 'Windows 10', os.arch: 'amd64', os.version: '10.0', java.version: '1.8.0_191'
Driver info: driver.version: unknown
at org.openqa.selenium.support.ui.Select.selectByVisibleText(Select.java:147)
at com.crm.qa.pages.ContactsPage.creatnewcontact(ContactsPage.java:42)
at com.crm.qa.testcases.ContactsPageTest.validatecreatnewcontact(ContactsPageTest.java:57)
... Removed 25 stack frames]]>
    </failure>
  </testcase> <!-- validatecreatnewcontact -->
  <testcase name="validatecreatnewcontact" time="7.142" classname="com.crm.qa.testcases.ContactsPageTest"/>
</testsuite> <!-- Free CRM App Test Cases -->
